<?xml version="1.0" encoding="UTF-8"?>
<!-- Generated by org.testng.reporters.JUnitReportReporter -->
<testsuite hostname="LAPTOP-O1ONHJO3" failures="0" tests="3" name="com.sample.testng.DependsOnAndDescription" time="0.014" errors="0" timestamp="2023-01-17T05:52:35 IST" skipped="0">
  <testcase classname="com.sample.testng.DependsOnAndDescription" name="cart" time="0.011"/>
  <system-out/>
  <testcase classname="com.sample.testng.DependsOnAndDescription" name="buyProduct" time="0.001"/>
  <system-out/>
  <testcase classname="com.sample.testng.DependsOnAndDescription" name="signIn" time="0.002"/>
  <system-out/>
</testsuite> <!-- com.sample.testng.DependsOnAndDescription -->
