<?xml version="1.0" encoding="UTF-8"?>
<!-- Generated by org.testng.reporters.JUnitReportReporter -->
<testsuite hostname="LAPTOP-O1ONHJO3" failures="0" tests="2" name="com.sample.testng.Enabled" time="0.002" errors="0" timestamp="2023-01-17T05:51:41 IST" skipped="1">
  <testcase classname="com.sample.testng.Enabled" name="testC" time="0.002"/>
  <system-out/>
  <testcase classname="com.sample.testng.Enabled" name="testA">
    <skipped/>
  </testcase> <!-- testA -->
  <system-out/>
</testsuite> <!-- com.sample.testng.Enabled -->
