<?xml version="1.0" encoding="UTF-8"?>
<!-- Generated by org.testng.reporters.JUnitReportReporter -->
<testsuite hostname="DESKTOP-HPUOTQJ" failures="0" tests="1" name="com.sample.testng.SampleTestNG" time="0.012" errors="0" timestamp="2023-01-18T23:18:02 IST" skipped="0">
  <testcase classname="com.sample.testng.SampleTestNG" name="testMethod" time="0.012"/>
  <system-out/>
</testsuite> <!-- com.sample.testng.SampleTestNG -->
