<?xml version="1.0" encoding="UTF-8"?>
<!-- Generated by org.testng.reporters.JUnitReportReporter -->
<testsuite hostname="LAPTOP-O1ONHJO3" failures="0" tests="7" name="com.sample.testng.Priority" time="0.011" errors="0" timestamp="2023-01-17T05:52:35 IST" skipped="0">
  <testcase classname="com.sample.testng.Priority" name="testInp" time="0.001"/>
  <system-out/>
  <testcase classname="com.sample.testng.Priority" name="testIn" time="0.001"/>
  <system-out/>
  <testcase classname="com.sample.testng.Priority" name="testdsec" time="0.002"/>
  <system-out/>
  <testcase classname="com.sample.testng.Priority" name="testss" time="0.002"/>
  <system-out/>
  <testcase classname="com.sample.testng.Priority" name="testig" time="0.002"/>
  <system-out/>
  <testcase classname="com.sample.testng.Priority" name="testout" time="0.001"/>
  <system-out/>
  <testcase classname="com.sample.testng.Priority" name="testsample" time="0.002"/>
  <system-out/>
</testsuite> <!-- com.sample.testng.Priority -->
